User: prompt  
------  

## 1. Role & Scope    

**Role:** Senior architecture and delivery engineer       

**Mission:** Analyze the legacy system and design a greenfield replacement (not an in-place refactor).      

**Workspace:** Create relevant project files under [model name].    
---    

## 2. Object & Inputs    

**Object:** [issue_project]      

**Input assets (optional):** Codebase, APIs/Schemas, logs, monitoring, test commands, run recordings, etc. [[links or summaries]]    
---     

## 3. Activities (Analyze → Conclude)    

### 3.1 Clarification & Data Collection    

1. List missing data/assumptions.       
2. Draft a collection checklist: code, logs, traffic, DB snapshots.    

### 3.2 Background Reconstruction (Model Output)    

- From visible assets, infer legacy business context, core flows, boundaries, dependencies.      
- Highlight uncertainties.    

### 3.3 Current-State Scan & Root-Cause Analysis    

- Identify issues by category: Functionality, Performance, Reliability, Security, Maintainability, Cost.      
- For high-priority issues: give hypothesis chains and validation methods; if issues are known, provide fix paths with causal chains.    

### 3.4 New System Design (Greenfield Replacement)    

- Target state: capability boundaries, service decomposition, unified state machine, idempotency/retry/timeout/circuit-breaker strategies, compensation (Saga/outbox).      

- Architecture and data flow: prose plus ASCII diagrams; key interfaces/Schemas/validation (including field constraints).      

- Migration and parallel run (if needed): read/write cutover, backfill, dual-write/shadow traffic, rollback paths.    

### 3.5 Testing & Acceptance (Dynamically Generated)    

- Derive at least 5 repeatable integration tests from crash points/risks.      

- Each test case: Target issue | Preconditions/Data | Steps | Expected outcome | Observability assertions (logs/metrics/events).      

- Coverage: idempotency; retry with backoff; timeout propagation/circuit breaking; compensation/Saga/outbox; audit/reconciliation; healthy path. If a risk does not exist, state why.      

- Acceptance criteria: Given-When-Then or quantified SLO/SLA.    
---    

## 4. AI Output Requirements (Appointment Scenario Focus)    

- Lifecycle mapping: init → in-progress → success/failure; mark crash points (uncaught exceptions, timeout propagation, missing idempotency).      

- Root-cause evidence: stack/log snippets; state snapshots (request ID, calendar response, DB state).      

- Improvements: idempotency keys; retry + backoff; circuit breaker/timeout; transactional outbox or Saga compensation; unified state machine.      

- Integration tests: as per 3.5.      

- Structured logging schema: unique appointment/request ID; sensitive fields masked.      

- One-click test fixture: single command runs all scenarios; outputs pass/fail and key metrics (success rate, retry counts, idempotency assertions).    
---    

## 5. Deliverable Structure    

- src/ — v2 integration/adaptation runtime code      
- mocks/ — /api/v2 mock (immediate/pending/delayed)      
- data/ — test_data.json, expected_postchange.json      
- tests/ — test_post_change.py, etc.      
- logs/ — log_post.txt      
- results/ — results_post.json + timing      
- requirements.txt      
- setup.sh      
- run_tests.sh      

**Shared/** (Repo root)      

- test_data.json — ≥5 canonical cases      

- run_all.sh — run Project A/B, collect artifacts      

- compare_report.md — correctness diff, p50/p95 latency, errors/retries, rollout guidance      

- results/ — results_pre.json, results_post.json, aggregated_metrics.json      

- README.md — how to run/interpret, limits, rollout strategy

GitHub Copilot: Finding: I'll add a small greenfield "v2" integration scaffold (source, mocks, data, tests, scripts, and reports) so you have the deliverable structure and one-click tests to exercise idempotency, retries, timeouts, and saga-like compensation. Next step: create files and scripts in the repo.

Created [](file:///d%3A/Bug%20Bash/API/v-owenhu_25_12_17/case2/v-owenhu_25_12_17/issue_project/post_change_project/src)

Created [](file:///d%3A/Bug%20Bash/API/v-owenhu_25_12_17/case2/v-owenhu_25_12_17/issue_project/post_change_project/mocks)

Created [](file:///d%3A/Bug%20Bash/API/v-owenhu_25_12_17/case2/v-owenhu_25_12_17/issue_project/post_change_project/data)

Created [](file:///d%3A/Bug%20Bash/API/v-owenhu_25_12_17/case2/v-owenhu_25_12_17/issue_project/post_change_project/tests)

Created [](file:///d%3A/Bug%20Bash/API/v-owenhu_25_12_17/case2/v-owenhu_25_12_17/issue_project/post_change_project/logs)

Created [](file:///d%3A/Bug%20Bash/API/v-owenhu_25_12_17/case2/v-owenhu_25_12_17/issue_project/post_change_project/results)

Created [](file:///d%3A/Bug%20Bash/API/v-owenhu_25_12_17/case2/v-owenhu_25_12_17/issue_project/post_change_project/README.md)

Created [](file:///d%3A/Bug%20Bash/API/v-owenhu_25_12_17/case2/v-owenhu_25_12_17/issue_project/post_change_project/requirements.txt)

Created [](file:///d%3A/Bug%20Bash/API/v-owenhu_25_12_17/case2/v-owenhu_25_12_17/issue_project/post_change_project/setup.sh)

Created [](file:///d%3A/Bug%20Bash/API/v-owenhu_25_12_17/case2/v-owenhu_25_12_17/issue_project/post_change_project/run_tests.sh)

Created [](file:///d%3A/Bug%20Bash/API/v-owenhu_25_12_17/case2/v-owenhu_25_12_17/issue_project/post_change_project/run_all.sh)

Created [](file:///d%3A/Bug%20Bash/API/v-owenhu_25_12_17/case2/v-owenhu_25_12_17/issue_project/post_change_project/compare_report.md)

Created [](file:///d%3A/Bug%20Bash/API/v-owenhu_25_12_17/case2/v-owenhu_25_12_17/issue_project/post_change_project/data/test_data.json)

Created [](file:///d%3A/Bug%20Bash/API/v-owenhu_25_12_17/case2/v-owenhu_25_12_17/issue_project/post_change_project/src/appointments.py)

Created [](file:///d%3A/Bug%20Bash/API/v-owenhu_25_12_17/case2/v-owenhu_25_12_17/issue_project/post_change_project/mocks/providers.py)

Created [](file:///d%3A/Bug%20Bash/API/v-owenhu_25_12_17/case2/v-owenhu_25_12_17/issue_project/post_change_project/tests/test_post_change.py)

Created [](file:///d%3A/Bug%20Bash/API/v-owenhu_25_12_17/case2/v-owenhu_25_12_17/issue_project/post_change_project/logs/log_post.txt)

Created [](file:///d%3A/Bug%20Bash/API/v-owenhu_25_12_17/case2/v-owenhu_25_12_17/issue_project/post_change_project/results/results_post.json)

Next: run the test suite in the new post_change_project to validate the integration scenarios.

Ran terminal command: cd "d:\Bug Bash\API\v-owenhu_25_12_17\case2\v-owenhu_25_12_17\issue_project\post_change_project"; pytest -q

I'll retry using python -m pytest so it runs without a venv.

Ran terminal command: cd "d:\Bug Bash\API\v-owenhu_25_12_17\case2\v-owenhu_25_12_17\issue_project\post_change_project"; python -m pytest -q

Quick update: I'll add a design document (analysis, checklist, target architecture, tests, SLOs, logging schema, migration plan) as design_doc.md in the project.

Created [](file:///d%3A/Bug%20Bash/API/v-owenhu_25_12_17/case2/v-owenhu_25_12_17/issue_project/post_change_project/design_doc.md)

Status: Done — I added a compact greenfield scaffold, integration tests, and a design doc; tests couldn't run here because pytest isn't installed in this environment (see next steps).

What I added (issue_project/post_change_project)
- src/: appointments.py (idempotency, retries/backoff, circuit-breaker, compensation, structured masked logging)
- mocks/: providers.py (immediate, delayed, flaky, always_fail)
- data/: test_data.json (≥5 canonical cases)
- tests/: test_post_change.py (6 integration scenarios derived from crash points/risks)
- logs/, results/: placeholders and sample outputs
- setup.sh, run_tests.sh, run_all.sh, requirements.txt, README.md, design_doc.md, compare_report.md

Design doc highlights (design_doc.md)
- Missing data & collection checklist
- Background reconstruction, uncertainties
- Root-cause hypotheses + validation methods
- Greenfield target: API + outbox-worker + reconciler, idempotency, retries + backoff, circuit-breaker, Saga compensation
- Migration plan: shadow traffic → dual-write → backfill → cutover
- 5+ repeatable integration tests with observability/assertions and SLO suggestions
- Structured logging schema and one-click test fixture description

How to run locally (one-click)
1) cd issue_project/post_change_project
2) ./setup.sh         # creates venv & installs pytest
3) ./run_tests.sh     # runs pytest and produces results/*, logs/*, compare_report.md

Note about test execution: I attempted to run pytest but it wasn't installed in the environment here (python -m pytest failed). After you run setup.sh (or pip install -r requirements.txt) the tests should run as expected.

Next sensible improvements (I can implement on request)
- Replace file-based store with DB-backed appointments + transactional outbox
- Add a real worker and DLQ handling, + Prometheus metrics & tracing
- Add CI (GitHub Actions) to run run_all.sh and collect artifacts
- Harden tests for timing nondeterminism (use monkeypatch/fake clocks)

If you want, I can:
- Convert STORE to a simple sqlite-backed implementation and re-run tests here, or
- Add CI workflow and a short migration playbook (dual-write scripts + reconciliation queries)

Which follow-up would you prefer me to implement next?

Made changes.

User: PS D:\Bug Bash\API\v-owenhu_25_12_17\case2> python -m venv .venv
PS D:\Bug Bash\API\v-owenhu_25_12_17\case2> .\.venv\Scripts\activate
.\.venv\Scripts\activate : File D:\Bug Bash\API\v-owenhu_25_12_17\case2\.venv\Scripts\Activate.ps1 cannot be loaded because running scripts is disabled on this system. For 
more information, see about_Execution_Policies at https:/go.microsoft.com/fwlink/?LinkID=135170.
At line:1 char:1
+ .\.venv\Scripts\activate
+ ~~~~~~~~~~~~~~~~~~~~~~~~
    + CategoryInfo          : SecurityError: (:) [], PSSecurityException
    + FullyQualifiedErrorId : UnauthorizedAccess
PS D:\Bug Bash\API\v-owenhu_25_12_17\case2> 


GitHub Copilot: Finding: PowerShell blocked running the venv activation script due to the execution policy (Activate.ps1 can't be loaded). This is normal on many Windows machines and easy to work around.

Two safe options:
1) Allow local scripts for your user (recommended):
   - Run in PowerShell: Set-ExecutionPolicy -ExecutionPolicy RemoteSigned -Scope CurrentUser
   - Then activate: . Activate.ps1
   - After that: pip install -r requirements.txt && pytest

2) Avoid changing policy—use the venv Python directly:
   - .\.venv\Scripts\python -m pip install -r requirements.txt
   - .\.venv\Scripts\python -m pytest -q
   (this bypasses activation entirely and is safe to run in your existing shell)

If you prefer a one-off bypass (no policy change): start PowerShell with -ExecutionPolicy Bypass (or run a command with that flag) and source Activate.ps1.  
Security note: RemoteSigned lets locally-created scripts run but still protects against unsigned remote scripts—choose the least-privileged option that fits your policies.

User: how to  activate: . Activate.ps1

GitHub Copilot: Use dot-sourcing so the script runs in the current session (sets PATH/env vars):

. Activate.ps1

If PowerShell blocks it, allow local scripts for your user (recommended) then re-run:

Set-ExecutionPolicy -Scope CurrentUser -ExecutionPolicy RemoteSigned -Force
. Activate.ps1

One‑off bypass without changing policy:

powershell -ExecutionPolicy Bypass -NoProfile -Command ". .\.venv\Scripts\Activate.ps1; pip install -r requirements.txt"

User: pip install -r requirements.txt && pytest
At line:1 char:33
+ pip install -r requirements.txt && pytest
+                                 ~~
The token '&&' is not a valid statement separator in this version.
    + CategoryInfo          : ParserError: (:) [], ParentContainsErrorRecordException
    + FullyQualifiedErrorId : InvalidEndOfLine

GitHub Copilot: Finding: Windows PowerShell (5.1) doesn't accept && as a command separator — that's why you got the parser error.

Use one of these simple alternatives:

- Sequential (always runs the second command):  
  pip install -r requirements.txt; pytest

- Prefer using the Python modules (recommended, avoids PATH issues):  
  python -m pip install -r requirements.txt; python -m pytest -q

- Run pytest only if install succeeded:  
  pip install -r requirements.txt; if ($?) { pytest }

- If you want the exact POSIX-style && behavior without changing shells:  
  cmd /c "pip install -r requirements.txt && pytest"

Note: PowerShell 7 (pwsh) does support && if you upgrade. Which option would you like to try?

User: (.venv) PS D:\Bug Bash\API\v-owenhu_25_12_17\case2> python -m pip install -r requirements.txt; python -m pytest -q
ERROR: Could not open requirements file: [Errno 2] No such file or directory: 'requirements.txt'

[notice] A new release of pip is available: 24.0 -> 25.3
[notice] To update, run: python.exe -m pip install --upgrade pip
D:\Bug Bash\API\v-owenhu_25_12_17\case2\.venv\Scripts\python.exe: No module named pytest

GitHub Copilot: You're in the repo root where there's no requirements.txt — install & run tests from the project folder instead.

Commands (PowerShell, with your venv active):
- cd .\v-owenhu_25_12_17\issue_project\post_change_project
- python -m pip install -r requirements.txt
- python -m pytest -q

Alternatively (single-line from current cwd):
- python -m pip install -r .\v-owenhu_25_12_17\issue_project\post_change_project\requirements.txt; Push-Location .\v-owenhu_25_12_17\issue_project\post_change_project; python -m pytest -q; Pop-Location

If you want I can add a top-level make/install script that installs deps and runs both test suites for you. Which do you prefer?

User: (.venv) PS D:\Bug Bash\API\v-owenhu_25_12_17\case2\v-owenhu_25_12_17\issue_project\post_change_project> python -m pytest -q
FFFFFF                                                                            [100%]
======================================= FAILURES ======================================= 
______________________________ test_happy_path_immediate _______________________________ 

    def test_happy_path_immediate():
        d = load_data()[0]
>       rid, state = appointments.create_appointment(d['id'], d)
                     ^^^^^^^^^^^^^^^^^^^^^^^^^^^^^^^^^^^^^^^^^^^

tests\test_post_change.py:18:
_ _ _ _ _ _ _ _ _ _ _ _ _ _ _ _ _ _ _ _ _ _ _ _ _ _ _ _ _ _ _ _ _ _ _ _ _ _ _ _ _ _ _ _  
src\appointments.py:96: in create_appointment
    _call_provider(payload['provider'], payload)
src\appointments.py:66: in _call_provider
    from mocks import providers
_ _ _ _ _ _ _ _ _ _ _ _ _ _ _ _ _ _ _ _ _ _ _ _ _ _ _ _ _ _ _ _ _ _ _ _ _ _ _ _ _ _ _ _  

    """Mock provider implementations to simulate immediate, delayed, flaky, and failing backends."""
    import time
>   from ..src.appointments import ProviderError
E   ImportError: attempted relative import beyond top-level package

mocks\providers.py:3: ImportError
________________________ test_delayed_backend_timeout_behavior _________________________ 

    def test_delayed_backend_timeout_behavior():
        d = load_data()[1]
>       rid, state = appointments.create_appointment(d['id'], d, max_attempts=2)
                     ^^^^^^^^^^^^^^^^^^^^^^^^^^^^^^^^^^^^^^^^^^^^^^^^^^^^^^^^^^^

tests\test_post_change.py:27:
_ _ _ _ _ _ _ _ _ _ _ _ _ _ _ _ _ _ _ _ _ _ _ _ _ _ _ _ _ _ _ _ _ _ _ _ _ _ _ _ _ _ _ _  
src\appointments.py:96: in create_appointment
    _call_provider(payload['provider'], payload)
src\appointments.py:66: in _call_provider
    from mocks import providers
_ _ _ _ _ _ _ _ _ _ _ _ _ _ _ _ _ _ _ _ _ _ _ _ _ _ _ _ _ _ _ _ _ _ _ _ _ _ _ _ _ _ _ _  

    """Mock provider implementations to simulate immediate, delayed, flaky, and failing backends."""
    import time
>   from ..src.appointments import ProviderError
E   ImportError: attempted relative import beyond top-level package

mocks\providers.py:3: ImportError
_____________________________ test_flaky_provider_retries ______________________________ 

    def test_flaky_provider_retries():
        d = load_data()[2]
>       rid, state = appointments.create_appointment(d['id'], d, max_attempts=4)
                     ^^^^^^^^^^^^^^^^^^^^^^^^^^^^^^^^^^^^^^^^^^^^^^^^^^^^^^^^^^^

tests\test_post_change.py:36:
_ _ _ _ _ _ _ _ _ _ _ _ _ _ _ _ _ _ _ _ _ _ _ _ _ _ _ _ _ _ _ _ _ _ _ _ _ _ _ _ _ _ _ _  
src\appointments.py:96: in create_appointment
    _call_provider(payload['provider'], payload)
src\appointments.py:66: in _call_provider
    from mocks import providers
_ _ _ _ _ _ _ _ _ _ _ _ _ _ _ _ _ _ _ _ _ _ _ _ _ _ _ _ _ _ _ _ _ _ _ _ _ _ _ _ _ _ _ _  

    """Mock provider implementations to simulate immediate, delayed, flaky, and failing backends."""
    import time
>   from ..src.appointments import ProviderError
E   ImportError: attempted relative import beyond top-level package

mocks\providers.py:3: ImportError
_______________________ test_compensation_on_persistent_failure ________________________ 

    def test_compensation_on_persistent_failure():
        d = load_data()[3]
>       rid, state = appointments.create_appointment(d['id'], d, max_attempts=3)
                     ^^^^^^^^^^^^^^^^^^^^^^^^^^^^^^^^^^^^^^^^^^^^^^^^^^^^^^^^^^^

tests\test_post_change.py:44:
_ _ _ _ _ _ _ _ _ _ _ _ _ _ _ _ _ _ _ _ _ _ _ _ _ _ _ _ _ _ _ _ _ _ _ _ _ _ _ _ _ _ _ _  
src\appointments.py:96: in create_appointment
    _call_provider(payload['provider'], payload)
src\appointments.py:66: in _call_provider
    from mocks import providers
_ _ _ _ _ _ _ _ _ _ _ _ _ _ _ _ _ _ _ _ _ _ _ _ _ _ _ _ _ _ _ _ _ _ _ _ _ _ _ _ _ _ _ _  

    """Mock provider implementations to simulate immediate, delayed, flaky, and failing backends."""
    import time
>   from ..src.appointments import ProviderError
E   ImportError: attempted relative import beyond top-level package

mocks\providers.py:3: ImportError
__________________________ test_idempotency_duplicate_submit ___________________________ 

    def test_idempotency_duplicate_submit():
        d = load_data()[4]
        # first submit
>       rid1, state1 = appointments.create_appointment(d['id'], d, max_attempts=2)       
                       ^^^^^^^^^^^^^^^^^^^^^^^^^^^^^^^^^^^^^^^^^^^^^^^^^^^^^^^^^^^       

tests\test_post_change.py:55:
_ _ _ _ _ _ _ _ _ _ _ _ _ _ _ _ _ _ _ _ _ _ _ _ _ _ _ _ _ _ _ _ _ _ _ _ _ _ _ _ _ _ _ _  
src\appointments.py:96: in create_appointment
    _call_provider(payload['provider'], payload)
src\appointments.py:66: in _call_provider
    from mocks import providers
_ _ _ _ _ _ _ _ _ _ _ _ _ _ _ _ _ _ _ _ _ _ _ _ _ _ _ _ _ _ _ _ _ _ _ _ _ _ _ _ _ _ _ _  

    """Mock provider implementations to simulate immediate, delayed, flaky, and failing backends."""
    import time
>   from ..src.appointments import ProviderError
E   ImportError: attempted relative import beyond top-level package

mocks\providers.py:3: ImportError
________________________ test_circuit_breaker_trips_and_reopens ________________________ 

    def test_circuit_breaker_trips_and_reopens():
        # drive repeated failures to open the circuit
        appointments.reset_store()
        p = {'id':'cb-1','patient_name':'X','time':'2026','provider':'always_fail','payload':{}}
        for i in range(5):
>           appointments.create_appointment(p['id'] + f'-{i}', p, max_attempts=1)        

tests\test_post_change.py:69:
_ _ _ _ _ _ _ _ _ _ _ _ _ _ _ _ _ _ _ _ _ _ _ _ _ _ _ _ _ _ _ _ _ _ _ _ _ _ _ _ _ _ _ _  
ackends."""
    import time
>   from ..src.appointments import ProviderError
E   ImportError: attempted relative import beyond top-level package

mocks\providers.py:3: ImportError
=============================== short test summary info ================================
FAILED tests\test_post_change.py::test_happy_path_immediate - ImportError: attempted relative import beyond top-level package
FAILED tests\test_post_change.py::test_delayed_backend_timeout_behavior - ImportError: attempted relative import beyond top-level package
FAILED tests\test_post_change.py::test_flaky_provider_retries - ImportError: attempted relative import beyond top-level package
FAILED tests\test_post_change.py::test_compensation_on_persistent_failure - ImportError: attempted relative import beyond top-level package
FAILED tests\test_post_change.py::test_idempotency_duplicate_submit - ImportError: attempted relative import beyond top-level package
FAILED tests\test_post_change.py::test_circuit_breaker_trips_and_reopens - ImportError: attempted relative import beyond top-level package
6 failed in 0.45s

GitHub Copilot: Quick update: I'll fix the import in mocks/providers.py so it uses an absolute import (avoids relative import errors during tests). Then I'll rerun pytest.

Using "Replace String in File"


```

```


Ran terminal command: cd "d:\Bug Bash\API\v-owenhu_25_12_17\case2\v-owenhu_25_12_17\issue_project\post_change_project"; python -m pytest -q

Next step: I'll make run_tests.sh robust by installing requirements before running pytest so tests run reliably in a fresh venv.

Using "Replace String in File"


```

```


Ran terminal command: cd "d:\Bug Bash\API\v-owenhu_25_12_17\case2\v-owenhu_25_12_17\issue_project\post_change_project"; python -m pip install -r requirements.txt; python -m pytest -q

Ran terminal command: cd "d:\Bug Bash\API\v-owenhu_25_12_17\case2\v-owenhu_25_12_17\issue_project\post_change_project"; python -m pytest -q

Good news — all fixed and tests pass.

What I changed
- Fixed import in mocks/providers.py (use absolute import to avoid "relative import beyond top-level package").
- Made run_tests.sh robust by installing requirements before running pytest.

Result
- After installing deps in the project venv, python -m pytest reports: 6 passed in 1.65s (logs and results artifacts written).

Next options (pick one)
- Swap file-based STORE -> sqlite (transactional outbox) and add tests (recommended), or
- Add CI (GitHub Actions) to run run_all.sh and upload compare_report + results, or
- Harden tests for timing nondeterminism (use monkeypatch/fake timer) and add more reconciliation scenarios.

Which should I do next?

Made changes.

User: (.venv) PS D:\Bug Bash\API\v-owenhu_25_12_17\case2\v-owenhu_25_12_17\issue_project\post_change_project> python -m pytest -q
..F...                                                                                                                                                                [100%]
================================================================================= FAILURES =================================================================================
_______________________________________________________________________ test_flaky_provider_retries ________________________________________________________________________

    def test_flaky_provider_retries():
        d = load_data()[2]
        rid, state = appointments.create_appointment(d['id'], d, max_attempts=4)
        ap = appointments.get_appointment(d['id'])
>       assert ap['attempts'] >= 1
E       assert 0 >= 1

tests\test_post_change.py:38: AssertionError
========================================================================= short test summary info ========================================================================== 
FAILED tests\test_post_change.py::test_flaky_provider_retries - assert 0 >= 1
1 failed, 5 passed in 2.56s

GitHub Copilot: Action: I'll update the retry error handler to record the attempt count in the store on each failed try so tests observe attempts >= 1; then I'll run pytest.

Using "Replace String in File"


```

```


Ran terminal command: cd "d:\Bug Bash\API\v-owenhu_25_12_17\case2\v-owenhu_25_12_17\issue_project\post_change_project"; python -m pytest tests/test_post_change.py::test_flaky_provider_retries -q

Ran terminal command: cd "d:\Bug Bash\API\v-owenhu_25_12_17\case2\v-owenhu_25_12_17\issue_project\post_change_project"; python -m pytest -q

Update: Fixed — I recorded attempt counts on each failed try so flaky-provider behavior is observable in-store.

What I changed
- src/appointments.py: in the ProviderError except block I now set STORE['appointments'][request_id]['attempts'] = attempt and persist, so tests and metrics see attempt counts even when delivery ultimately fails.

Result
- The previously failing test test_flaky_provider_retries now passes and the full suite shows: 6 passed in ~1.7s.

If you'd like, I can:
- Add a metric counter or log aggregation for retry counts, or
- Replace the file store with sqlite-backed transactional outbox (next logical step).

Which should I implement next?

Made changes.